2023-05-29 20:23:28,122 [INFO] Activator:178 - 


2023-05-29 20:23:28,125 [INFO] Activator:179 - !SESSION log4j initialized
2023-05-29 20:23:34,100 [INFO] ApplicationProperties:181 - Using Application install path: C:\ST\STM32CubeIDE_1.4.0\STM32CubeIDE\plugins\com.st.stm32cube.common.mx_6.0.0.202007160824
2023-05-29 20:23:34,113 [INFO] DbMcusXml:70 - Set database path to: C:\ST\STM32CubeIDE_1.4.0\STM32CubeIDE\plugins\com.st.stm32cube.common.mx_6.0.0.202007160824\\db\/mcu/
2023-05-29 20:23:34,117 [INFO] DbBoardsPdsc:56 - Set plugin database path to: C:\ST\STM32CubeIDE_1.4.0\STM32CubeIDE\plugins\com.st.stm32cube.common.mx_6.0.0.202007160824\\db\/plugins/boardmanager/
2023-05-29 20:23:34,120 [INFO] DbMcus:258 - Set plugin images path to: C:\ST\STM32CubeIDE_1.4.0\STM32CubeIDE\plugins\com.st.stm32cube.common.mx_6.0.0.202007160824\\db\/plugins/mcufinder/images/
2023-05-29 20:23:34,120 [INFO] DbBoards:264 - Set plugin images path to: C:\ST\STM32CubeIDE_1.4.0\STM32CubeIDE\plugins\com.st.stm32cube.common.mx_6.0.0.202007160824\\db\/plugins/mcufinder/images/
2023-05-29 20:23:34,123 [INFO] DbExamples:326 - Set plugin images path to: C:\ST\STM32CubeIDE_1.4.0\STM32CubeIDE\plugins\com.st.stm32cube.common.mx_6.0.0.202007160824\\db\/plugins/mcufinder/images/
2023-05-29 20:23:34,133 [INFO] DbMcusDocs:112 - Set database path to: C:\Users\hassa\.stmcufinder\plugins\mcufinder//mcu/
2023-05-29 20:23:34,135 [INFO] DbMcusJson:63 - Set database path to: C:\Users\hassa\.stmcufinder\plugins\mcufinder//mcu/
2023-05-29 20:23:34,136 [INFO] DbBoardsDocs:112 - Set database path to: C:\Users\hassa\.stmcufinder\plugins\mcufinder//mcu/
2023-05-29 20:23:34,138 [INFO] DbBoardsJson:56 - Set database path to: C:\Users\hassa\.stmcufinder\plugins\mcufinder//mcu/
2023-05-29 20:23:34,141 [INFO] CrossReferenceDbSqlite:196 - Set database path to: C:\Users\hassa\.stmcufinder\plugins\mcufinder//mcu/cs/
2023-05-29 20:23:34,144 [INFO] DbExamplesSqlite:800 - Set database path to: C:\Users\hassa\.stmcufinder\plugins\mcufinder//mcu/
2023-05-29 20:23:34,252 [INFO] RulesReader:52 - Compatibility file has been processed (209 Rules)
2023-05-29 20:23:34,341 [INFO] MicroXplorer:564 - Detected Java Version = 1.8.0_252
2023-05-29 20:23:34,342 [INFO] DbMcusXml:70 - Set database path to: C:\ST\STM32CubeIDE_1.4.0\STM32CubeIDE\plugins\com.st.stm32cube.common.mx_6.0.0.202007160824\\db\/mcu/
2023-05-29 20:23:34,342 [INFO] DbBoardsPdsc:56 - Set plugin database path to: C:\ST\STM32CubeIDE_1.4.0\STM32CubeIDE\plugins\com.st.stm32cube.common.mx_6.0.0.202007160824\\db\/plugins/boardmanager/
2023-05-29 20:23:34,343 [INFO] DbMcus:258 - Set plugin images path to: C:\ST\STM32CubeIDE_1.4.0\STM32CubeIDE\plugins\com.st.stm32cube.common.mx_6.0.0.202007160824\\db\/plugins/mcufinder/images/
2023-05-29 20:23:34,343 [INFO] DbBoards:264 - Set plugin images path to: C:\ST\STM32CubeIDE_1.4.0\STM32CubeIDE\plugins\com.st.stm32cube.common.mx_6.0.0.202007160824\\db\/plugins/mcufinder/images/
2023-05-29 20:23:34,343 [INFO] DbExamples:326 - Set plugin images path to: C:\ST\STM32CubeIDE_1.4.0\STM32CubeIDE\plugins\com.st.stm32cube.common.mx_6.0.0.202007160824\\db\/plugins/mcufinder/images/
2023-05-29 20:23:34,343 [WARN] DbFile:36 - Overriding database path with different value: C:\Users\hassa\.stmcufinder\plugins\mcufinder/ => C:\Users\hassa\.stmcufinder\plugins\mcufinder
2023-05-29 20:23:34,343 [INFO] DbMcusDocs:112 - Set database path to: C:\Users\hassa\.stmcufinder\plugins\mcufinder//mcu/
2023-05-29 20:23:34,343 [WARN] DbFile:36 - Overriding database path with different value: C:\Users\hassa\.stmcufinder\plugins\mcufinder/ => C:\Users\hassa\.stmcufinder\plugins\mcufinder
2023-05-29 20:23:34,343 [INFO] DbMcusJson:63 - Set database path to: C:\Users\hassa\.stmcufinder\plugins\mcufinder//mcu/
2023-05-29 20:23:34,343 [WARN] DbFile:36 - Overriding database path with different value: C:\Users\hassa\.stmcufinder\plugins\mcufinder/ => C:\Users\hassa\.stmcufinder\plugins\mcufinder
2023-05-29 20:23:34,343 [INFO] DbBoardsDocs:112 - Set database path to: C:\Users\hassa\.stmcufinder\plugins\mcufinder//mcu/
2023-05-29 20:23:34,344 [WARN] DbFile:36 - Overriding database path with different value: C:\Users\hassa\.stmcufinder\plugins\mcufinder/ => C:\Users\hassa\.stmcufinder\plugins\mcufinder
2023-05-29 20:23:34,344 [INFO] DbBoardsJson:56 - Set database path to: C:\Users\hassa\.stmcufinder\plugins\mcufinder//mcu/
2023-05-29 20:23:34,344 [WARN] DbFile:36 - Overriding database path with different value: C:\Users\hassa\.stmcufinder\plugins\mcufinder/ => C:\Users\hassa\.stmcufinder\plugins\mcufinder
2023-05-29 20:23:34,344 [WARN] DbFile:36 - Overriding database path with different value: C:\Users\hassa\.stmcufinder\plugins\mcufinder/ => C:\Users\hassa\.stmcufinder\plugins\mcufinder
2023-05-29 20:23:34,344 [INFO] CrossReferenceDbSqlite:196 - Set database path to: C:\Users\hassa\.stmcufinder\plugins\mcufinder//mcu/cs/
2023-05-29 20:23:34,344 [WARN] DbFile:36 - Overriding database path with different value: C:\Users\hassa\.stmcufinder\plugins\mcufinder/ => C:\Users\hassa\.stmcufinder\plugins\mcufinder
2023-05-29 20:23:34,344 [INFO] DbExamplesSqlite:800 - Set database path to: C:\Users\hassa\.stmcufinder\plugins\mcufinder//mcu/
2023-05-29 20:23:34,415 [INFO] MainPanel:189 - HeapMemory: 268435456
2023-05-29 20:23:34,502 [INFO] DbMcusXml:70 - Set database path to: C:\ST\STM32CubeIDE_1.4.0\STM32CubeIDE\plugins\com.st.stm32cube.common.mx_6.0.0.202007160824\\db\/mcu/
2023-05-29 20:23:34,503 [INFO] DbBoardsPdsc:56 - Set plugin database path to: C:\ST\STM32CubeIDE_1.4.0\STM32CubeIDE\plugins\com.st.stm32cube.common.mx_6.0.0.202007160824\\db\/plugins/boardmanager/
2023-05-29 20:23:34,503 [INFO] DbMcus:258 - Set plugin images path to: C:\ST\STM32CubeIDE_1.4.0\STM32CubeIDE\plugins\com.st.stm32cube.common.mx_6.0.0.202007160824\\db\/plugins/mcufinder/images/
2023-05-29 20:23:34,503 [INFO] DbBoards:264 - Set plugin images path to: C:\ST\STM32CubeIDE_1.4.0\STM32CubeIDE\plugins\com.st.stm32cube.common.mx_6.0.0.202007160824\\db\/plugins/mcufinder/images/
2023-05-29 20:23:34,503 [INFO] DbExamples:326 - Set plugin images path to: C:\ST\STM32CubeIDE_1.4.0\STM32CubeIDE\plugins\com.st.stm32cube.common.mx_6.0.0.202007160824\\db\/plugins/mcufinder/images/
2023-05-29 20:23:34,504 [WARN] DbFile:36 - Overriding database path with different value: C:\Users\hassa\.stmcufinder\plugins\mcufinder/ => C:\Users\hassa\.stmcufinder\plugins\mcufinder
2023-05-29 20:23:34,504 [INFO] DbMcusDocs:112 - Set database path to: C:\Users\hassa\.stmcufinder\plugins\mcufinder//mcu/
2023-05-29 20:23:34,504 [WARN] DbFile:36 - Overriding database path with different value: C:\Users\hassa\.stmcufinder\plugins\mcufinder/ => C:\Users\hassa\.stmcufinder\plugins\mcufinder
2023-05-29 20:23:34,504 [INFO] DbMcusJson:63 - Set database path to: C:\Users\hassa\.stmcufinder\plugins\mcufinder//mcu/
2023-05-29 20:23:34,504 [WARN] DbFile:36 - Overriding database path with different value: C:\Users\hassa\.stmcufinder\plugins\mcufinder/ => C:\Users\hassa\.stmcufinder\plugins\mcufinder
2023-05-29 20:23:34,504 [INFO] DbBoardsDocs:112 - Set database path to: C:\Users\hassa\.stmcufinder\plugins\mcufinder//mcu/
2023-05-29 20:23:34,504 [WARN] DbFile:36 - Overriding database path with different value: C:\Users\hassa\.stmcufinder\plugins\mcufinder/ => C:\Users\hassa\.stmcufinder\plugins\mcufinder
2023-05-29 20:23:34,504 [INFO] DbBoardsJson:56 - Set database path to: C:\Users\hassa\.stmcufinder\plugins\mcufinder//mcu/
2023-05-29 20:23:34,505 [WARN] DbFile:36 - Overriding database path with different value: C:\Users\hassa\.stmcufinder\plugins\mcufinder/ => C:\Users\hassa\.stmcufinder\plugins\mcufinder
2023-05-29 20:23:34,505 [WARN] DbFile:36 - Overriding database path with different value: C:\Users\hassa\.stmcufinder\plugins\mcufinder/ => C:\Users\hassa\.stmcufinder\plugins\mcufinder
2023-05-29 20:23:34,505 [INFO] CrossReferenceDbSqlite:196 - Set database path to: C:\Users\hassa\.stmcufinder\plugins\mcufinder//mcu/cs/
2023-05-29 20:23:34,505 [WARN] DbFile:36 - Overriding database path with different value: C:\Users\hassa\.stmcufinder\plugins\mcufinder/ => C:\Users\hassa\.stmcufinder\plugins\mcufinder
2023-05-29 20:23:34,505 [INFO] DbExamplesSqlite:800 - Set database path to: C:\Users\hassa\.stmcufinder\plugins\mcufinder//mcu/
2023-05-29 20:23:34,522 [INFO] ApplicationProperties:181 - Using Application install path: C:\ST\STM32CubeIDE_1.4.0\STM32CubeIDE\plugins\com.st.stm32cube.common.mx_6.0.0.202007160824
2023-05-29 20:23:34,524 [INFO] PluginManage:178 - Search for loadable plugins [exclusion list=, ]
2023-05-29 20:23:34,525 [INFO] PluginManage:292 - Check plugin analytics
2023-05-29 20:23:34,665 [INFO] AnalyticsPlugin:203 - Accepted Software Licenses: 
2023-05-29 20:23:34,715 [INFO] AnalyticsPlugin:205 - Accepted CMSIS Pack Licenses: 
2023-05-29 20:23:34,716 [INFO] AnalyticsPlugin:207 - Accepted Firmware Licenses: 
2023-05-29 20:23:34,716 [INFO] PluginManage:342 - Loaded plugin analytics (category:tool,tabindex:-1)
2023-05-29 20:23:34,716 [INFO] PluginManage:292 - Check plugin clock
2023-05-29 20:23:34,764 [INFO] PluginManage:342 - Loaded plugin clock (category:base,tabindex:2)
2023-05-29 20:23:34,764 [INFO] PluginManage:292 - Check plugin ddr
2023-05-29 20:23:34,768 [INFO] PluginManage:342 - Loaded plugin ddr (category:tool,tabindex:6)
2023-05-29 20:23:34,768 [INFO] PluginManage:292 - Check plugin filemanager
2023-05-29 20:23:34,902 [INFO] PluginManage:342 - Loaded plugin filemanager (category:base,tabindex:10)
2023-05-29 20:23:34,903 [INFO] PluginManage:292 - Check plugin ipmanager
2023-05-29 20:23:34,910 [INFO] PluginManage:342 - Loaded plugin ipmanager (category:base,tabindex:5)
2023-05-29 20:23:34,910 [INFO] PluginManage:292 - Check plugin pinoutandconfiguration
2023-05-29 20:23:34,928 [INFO] PluginManage:342 - Loaded plugin pinoutandconfiguration (category:base,tabindex:1)
2023-05-29 20:23:34,928 [INFO] PluginManage:292 - Check plugin pinoutconfig
2023-05-29 20:23:34,965 [INFO] PluginManage:342 - Loaded plugin pinoutconfig (category:base,tabindex:0)
2023-05-29 20:23:34,965 [INFO] PluginManage:292 - Check plugin power
2023-05-29 20:23:34,985 [INFO] PluginManage:342 - Loaded plugin power (category:power,tabindex:4)
2023-05-29 20:23:34,985 [INFO] PluginManage:292 - Check plugin projectmanager
2023-05-29 20:23:35,002 [INFO] PluginManage:342 - Loaded plugin projectmanager (category:projectmanager,tabindex:3)
2023-05-29 20:23:35,002 [INFO] PluginManage:292 - Check plugin thirdparty
2023-05-29 20:23:35,114 [INFO] ThirdPartyDb:333 - Open Third Party DataBase File (C:/Users/hassa/.stm32cubemx/plugins/thirdparty/db/thirdparties_db.xml) : 41 ms. number of Sw pack : 44
2023-05-29 20:23:35,118 [INFO] PluginManage:342 - Loaded plugin thirdparty (category:base,tabindex:-1)
2023-05-29 20:23:35,119 [INFO] PluginManage:292 - Check plugin tools
2023-05-29 20:23:35,173 [INFO] PluginManage:342 - Loaded plugin tools (category:base,tabindex:7)
2023-05-29 20:23:35,173 [INFO] PluginManage:292 - Check plugin tutovideos
2023-05-29 20:23:35,401 [INFO] PluginManage:342 - Loaded plugin tutovideos (category:base,tabindex:-1)
2023-05-29 20:23:35,402 [INFO] PluginManage:292 - Check plugin updater
2023-05-29 20:23:35,414 [INFO] PluginManage:342 - Loaded plugin updater (category:base,tabindex:12)
2023-05-29 20:23:35,415 [INFO] PluginManage:265 - PluginManage : Loaded plugins [13]
2023-05-29 20:23:35,590 [INFO] PinOutPanel:1418 - setPackage(No Configuration,No Configuration)
2023-05-29 20:23:35,697 [INFO] IPUIPlugin:64 - create IPUIPlugin
2023-05-29 20:23:35,697 [INFO] PluginManager:200 - loadIPPluginJar : add adc
2023-05-29 20:23:35,732 [INFO] IPUIPlugin:64 - create IPUIPlugin
2023-05-29 20:23:35,733 [INFO] PluginManager:200 - loadIPPluginJar : add aes
2023-05-29 20:23:35,774 [INFO] IPUIPlugin:64 - create IPUIPlugin
2023-05-29 20:23:35,774 [INFO] PluginManager:200 - loadIPPluginJar : add can
2023-05-29 20:23:35,802 [INFO] IPUIPlugin:64 - create IPUIPlugin
2023-05-29 20:23:35,803 [INFO] PluginManager:200 - loadIPPluginJar : add comp
2023-05-29 20:23:35,835 [INFO] IPUIPlugin:64 - create IPUIPlugin
2023-05-29 20:23:35,835 [INFO] PluginManager:200 - loadIPPluginJar : add cryp
2023-05-29 20:23:35,870 [INFO] IPUIPlugin:64 - create IPUIPlugin
2023-05-29 20:23:35,870 [INFO] PluginManager:200 - loadIPPluginJar : add dfsdm
2023-05-29 20:23:35,883 [INFO] IPUIPlugin:64 - create IPUIPlugin
2023-05-29 20:23:35,883 [INFO] PluginManager:200 - loadIPPluginJar : add dma
2023-05-29 20:23:35,909 [INFO] IPUIPlugin:64 - create IPUIPlugin
2023-05-29 20:23:35,909 [INFO] PluginManager:200 - loadIPPluginJar : add fatfs
2023-05-29 20:23:35,963 [INFO] IPUIPlugin:64 - create IPUIPlugin
2023-05-29 20:23:35,963 [INFO] PluginManager:200 - loadIPPluginJar : add fmc
2023-05-29 20:23:35,979 [INFO] IPUIPlugin:64 - create IPUIPlugin
2023-05-29 20:23:35,979 [INFO] PluginManager:200 - loadIPPluginJar : add freertos
2023-05-29 20:23:36,008 [INFO] IPUIPlugin:64 - create IPUIPlugin
2023-05-29 20:23:36,008 [INFO] PluginManager:200 - loadIPPluginJar : add genericplugin
2023-05-29 20:23:36,094 [INFO] IPUIPlugin:64 - create IPUIPlugin
2023-05-29 20:23:36,095 [INFO] PluginManager:200 - loadIPPluginJar : add gfxmmu
2023-05-29 20:23:36,214 [INFO] IPUIPlugin:64 - create IPUIPlugin
2023-05-29 20:23:36,215 [INFO] PluginManager:200 - loadIPPluginJar : add gic
2023-05-29 20:23:36,227 [INFO] IPUIPlugin:64 - create IPUIPlugin
2023-05-29 20:23:36,227 [INFO] PluginManager:200 - loadIPPluginJar : add gpio
2023-05-29 20:23:36,289 [INFO] IPUIPlugin:64 - create IPUIPlugin
2023-05-29 20:23:36,290 [INFO] PluginManager:200 - loadIPPluginJar : add gtzc
2023-05-29 20:23:36,321 [INFO] IPUIPlugin:64 - create IPUIPlugin
2023-05-29 20:23:36,322 [INFO] PluginManager:200 - loadIPPluginJar : add hash
2023-05-29 20:23:36,377 [INFO] IPUIPlugin:64 - create IPUIPlugin
2023-05-29 20:23:36,377 [INFO] PluginManager:200 - loadIPPluginJar : add i2c
2023-05-29 20:23:36,419 [INFO] IPUIPlugin:64 - create IPUIPlugin
2023-05-29 20:23:36,420 [INFO] PluginManager:200 - loadIPPluginJar : add i2s
2023-05-29 20:23:36,430 [INFO] IPUIPlugin:64 - create IPUIPlugin
2023-05-29 20:23:36,430 [INFO] PluginManager:200 - loadIPPluginJar : add ipddr
2023-05-29 20:23:36,469 [INFO] IPUIPlugin:64 - create IPUIPlugin
2023-05-29 20:23:36,469 [INFO] PluginManager:200 - loadIPPluginJar : add ltdc
2023-05-29 20:23:36,480 [INFO] IPUIPlugin:64 - create IPUIPlugin
2023-05-29 20:23:36,480 [INFO] PluginManager:200 - loadIPPluginJar : add mdma
2023-05-29 20:23:36,492 [INFO] IPUIPlugin:64 - create IPUIPlugin
2023-05-29 20:23:36,492 [INFO] PluginManager:200 - loadIPPluginJar : add nvic
2023-05-29 20:23:36,533 [INFO] IPUIPlugin:64 - create IPUIPlugin
2023-05-29 20:23:36,534 [INFO] PluginManager:200 - loadIPPluginJar : add opamp
2023-05-29 20:23:36,597 [INFO] IPUIPlugin:64 - create IPUIPlugin
2023-05-29 20:23:36,597 [INFO] PluginManager:200 - loadIPPluginJar : add openamp
2023-05-29 20:23:36,644 [INFO] IPUIPlugin:64 - create IPUIPlugin
2023-05-29 20:23:36,644 [INFO] PluginManager:200 - loadIPPluginJar : add pdm2pcm
2023-05-29 20:23:36,661 [INFO] IPUIPlugin:64 - create IPUIPlugin
2023-05-29 20:23:36,664 [INFO] PluginManager:200 - loadIPPluginJar : add plateformsettings
2023-05-29 20:23:36,694 [INFO] IPUIPlugin:64 - create IPUIPlugin
2023-05-29 20:23:36,694 [INFO] PluginManager:200 - loadIPPluginJar : add quadspi
2023-05-29 20:23:36,706 [INFO] IPUIPlugin:64 - create IPUIPlugin
2023-05-29 20:23:36,707 [INFO] PluginManager:200 - loadIPPluginJar : add resmgrutility
2023-05-29 20:23:36,758 [INFO] IPUIPlugin:64 - create IPUIPlugin
2023-05-29 20:23:36,758 [INFO] PluginManager:200 - loadIPPluginJar : add sai
2023-05-29 20:23:36,800 [INFO] IPUIPlugin:64 - create IPUIPlugin
2023-05-29 20:23:36,800 [INFO] PluginManager:200 - loadIPPluginJar : add spi
2023-05-29 20:23:36,850 [INFO] IPUIPlugin:64 - create IPUIPlugin
2023-05-29 20:23:36,851 [INFO] PluginManager:200 - loadIPPluginJar : add stm32_wpan
2023-05-29 20:23:36,878 [INFO] IPUIPlugin:64 - create IPUIPlugin
2023-05-29 20:23:36,879 [INFO] PluginManager:200 - loadIPPluginJar : add tim
2023-05-29 20:23:36,939 [INFO] IPUIPlugin:64 - create IPUIPlugin
2023-05-29 20:23:36,939 [INFO] PluginManager:200 - loadIPPluginJar : add touchsensing
2023-05-29 20:23:36,967 [INFO] IPUIPlugin:64 - create IPUIPlugin
2023-05-29 20:23:36,967 [INFO] PluginManager:200 - loadIPPluginJar : add tracer_emb
2023-05-29 20:23:36,997 [INFO] IPUIPlugin:64 - create IPUIPlugin
2023-05-29 20:23:36,997 [INFO] PluginManager:200 - loadIPPluginJar : add ts
2023-05-29 20:23:37,026 [INFO] IPUIPlugin:64 - create IPUIPlugin
2023-05-29 20:23:37,026 [INFO] PluginManager:200 - loadIPPluginJar : add tsc
2023-05-29 20:23:37,054 [INFO] IPUIPlugin:64 - create IPUIPlugin
2023-05-29 20:23:37,054 [INFO] PluginManager:200 - loadIPPluginJar : add ucpd
2023-05-29 20:23:37,098 [INFO] IPUIPlugin:64 - create IPUIPlugin
2023-05-29 20:23:37,099 [INFO] PluginManager:200 - loadIPPluginJar : add usart
2023-05-29 20:23:37,641 [INFO] CubeProgrammer:457 - [DDR PANEL] - PathOfProgrammer: null
2023-05-29 20:23:38,266 [FATAL] Updater:282 - Updater called before beeing initialized
2023-05-29 20:23:38,399 [FATAL] Updater:282 - Updater called before beeing initialized
2023-05-29 20:23:38,400 [WARN] ThirdParty:775 - waiting for thirdparty lock release [close project]
2023-05-29 20:23:38,400 [INFO] ThirdParty:777 - entering critical section [close project]
2023-05-29 20:23:38,401 [INFO] ThirdParty:790 - exiting critical section [close project]
2023-05-29 20:23:38,403 [INFO] PinOutPanel:1418 - setPackage(No Configuration,No Configuration)
2023-05-29 20:23:38,404 [FATAL] Updater:282 - Updater called before beeing initialized
2023-05-29 20:23:38,415 [ERROR] Updater:967 - MainUpdater not yet initialized. External WinMGr cannot be set.
2023-05-29 20:23:38,416 [INFO] CubeProgrammer:457 - [DDR PANEL] - PathOfProgrammer: C:\ST\STM32CubeIDE_1.4.0\STM32CubeIDE\plugins\com.st.stm32cube.ide.mcu.externaltools.cubeprogrammer.win32_1.4.0.202007081208\tools\bin
2023-05-29 20:23:38,420 [INFO] ProgrammerExecThread:148 - [ProgrammerAPI] CubeProgrammer command construction: C:\ST\STM32CubeIDE_1.4.0\STM32CubeIDE\plugins\com.st.stm32cube.ide.mcu.externaltools.cubeprogrammer.win32_1.4.0.202007081208\tools\bin\STM32_Programmer_CLI.exe -l
2023-05-29 20:23:38,751 [INFO] MainDdrPanel:49 - [DDR PANEL] SETTER - Set cubeProgrammerPath to: C:\ST\STM32CubeIDE_1.4.0\STM32CubeIDE\plugins\com.st.stm32cube.ide.mcu.externaltools.cubeprogrammer.win32_1.4.0.202007081208\tools\bin
2023-05-29 20:23:38,850 [INFO] Updater:904 - Updater Version found : 6.0.0
2023-05-29 20:23:38,871 [INFO] ApplicationProperties:181 - Using Application install path: C:\ST\STM32CubeIDE_1.4.0\STM32CubeIDE\plugins\com.st.stm32cube.common.mx_6.0.0.202007160824
2023-05-29 20:23:39,138 [INFO] MainUpdater:2268 - connection check result : 10
2023-05-29 20:23:39,139 [INFO] MainUpdater:2935 - Updater definition file requires update
2023-05-29 20:23:39,140 [INFO] MainUpdater:239 - Updater Check For Update Now.
2023-05-29 20:23:39,140 [INFO] MicroXplorer:414 - Change Database Version : DB.6.0.0
2023-05-29 20:23:39,397 [INFO] ServerAccessManage:348 - Download File updaters.zip
2023-05-29 20:23:39,584 [INFO] FileExtend:225 - Unzip File : updaters.zip
2023-05-29 20:23:39,585 [INFO] FileExtend:240 - Standard Zip Deflate
2023-05-29 20:23:40,325 [INFO] ServerAccessManage:348 - Download File PacksControlFlags.xml
2023-05-29 20:23:40,462 [INFO] ServerAccessManage:348 - Download File cubemx.pidx
2023-05-29 20:23:40,815 [INFO] ServerAccessManage:348 - Download File STMicroelectronics.FP-SNS-FLIGHT1.pdsc
2023-05-29 20:23:41,139 [WARN] IntegrityCheckThread:61 - waiting for thirdparty lock release [integrity check]
2023-05-29 20:23:41,139 [INFO] IntegrityCheckThread:63 - entering critical section [integrity check]
2023-05-29 20:23:41,139 [WARN] MainUpdater:1087 - Updater busy. Cannot search thirdparties
2023-05-29 20:23:41,221 [INFO] ServerAccessManage:348 - Download File STMicroelectronics.FP-SNS-MOTENV1.pdsc
2023-05-29 20:23:42,308 [INFO] ServerAccessManage:348 - Download File STMicroelectronics.X-CUBE-AZRTOS-L4.pdsc
2023-05-29 20:23:43,526 [ERROR] ServerAccessManage:954 - Problem, Http access forbiden
2023-05-29 20:23:43,537 [ERROR] ServerAccessManage:517 - Problem, Http access forbiden : RoweBots.I-CUBE-UNISONRTOS.pdsc.
2023-05-29 20:23:43,640 [WARN] PopulateThirdPartyThread:96 - Error when creating pack: C:/Users/hassa/.stm32cubemx/thirdparties/pdsc/STMicroelectronics.FP-SNS-FLIGHT1.pdsc
2023-05-29 20:23:43,643 [WARN] PopulateThirdPartyThread:96 - Error when creating pack: C:/Users/hassa/.stm32cubemx/thirdparties/pdsc/STMicroelectronics.FP-SNS-MOTENV1.pdsc
2023-05-29 20:23:43,673 [INFO] CheckServerUpdateThread:102 - End of CheckServer Thread
2023-05-29 20:23:43,699 [INFO] MainUpdater:2268 - connection check result : 10
2023-05-29 20:23:43,750 [ERROR] ConditionMgr:436 - getConditionDescription Invalid condition id : LAN8742 Phy interface Condition cause : null
2023-05-29 20:23:43,755 [ERROR] ConditionMgr:1027 - genDependencies : Invalid condition id : LAN8742 Phy interface Condition cause : null
2023-05-29 20:23:43,756 [ERROR] ConditionMgr:1027 - genDependencies : Invalid condition id : LAN8742 Phy interface Condition cause : null
2023-05-29 20:23:43,757 [ERROR] ConditionMgr:1027 - genDependencies : Invalid condition id : LAN8742 Phy interface Condition cause : null
2023-05-29 20:23:43,766 [INFO] ThirdPartyDb:299 - Save Third Party DataBase File (C:/Users/hassa/.stm32cubemx/plugins/thirdparty/db/thirdparties_db.xml) [forced]
2023-05-29 20:23:43,815 [INFO] PopulateThirdPartyThread:50 - Ending populate Thread
2023-05-29 20:23:43,815 [INFO] ThirdPartyDb:299 - Save Third Party DataBase File (C:/Users/hassa/.stm32cubemx/plugins/thirdparty/db/thirdparties_db.xml) [forced]
2023-05-29 20:23:43,868 [INFO] Engine:289 - softwarePackList size : 45
2023-05-29 20:23:43,880 [INFO] Engine:301 - compute dependency for SwPack FP-ATR-ASTRA1 have been done, and update is requested
2023-05-29 20:23:43,895 [INFO] Engine:301 - compute dependency for SwPack FP-ATR-SIGFOX1 have been done, and update is requested
2023-05-29 20:23:43,906 [INFO] Engine:301 - compute dependency for SwPack X-CUBE-AI have been done, and update is requested
2023-05-29 20:23:43,914 [INFO] Engine:301 - compute dependency for SwPack X-CUBE-ALS have been done, and update is requested
2023-05-29 20:23:43,922 [INFO] Engine:301 - compute dependency for SwPack X-CUBE-BLE1 have been done, and update is requested
2023-05-29 20:23:43,930 [INFO] Engine:301 - compute dependency for SwPack X-CUBE-BLE2 have been done, and update is requested
2023-05-29 20:23:43,944 [INFO] Engine:301 - compute dependency for SwPack X-CUBE-BLEMGR have been done, and update is requested
2023-05-29 20:23:43,961 [INFO] Engine:301 - compute dependency for SwPack X-CUBE-EEPRMA1 have been done, and update is requested
2023-05-29 20:23:43,973 [INFO] Engine:301 - compute dependency for SwPack X-CUBE-GNSS1 have been done, and update is requested
2023-05-29 20:23:43,983 [INFO] Engine:301 - compute dependency for SwPack X-CUBE-ISPU have been done, and update is requested
2023-05-29 20:23:44,093 [INFO] ServerAccessManage:348 - Download File mcusDocs.json._tmp_
2023-05-29 20:23:44,160 [WARN] MainUpdater:1087 - Updater busy. Cannot search thirdparties
2023-05-29 20:23:44,309 [INFO] LoadUrlFilesThread:135 - End of LoadUrlFiles Thread
2023-05-29 20:23:44,411 [INFO] ServerAccessManage:348 - Download File mcusFeaturesAndDescription.json._tmp_
2023-05-29 20:23:44,476 [INFO] Engine:301 - compute dependency for SwPack X-CUBE-MEMS1 have been done, and update is requested
2023-05-29 20:23:44,485 [INFO] Engine:301 - compute dependency for SwPack X-CUBE-NFC4 have been done, and update is requested
2023-05-29 20:23:44,493 [INFO] Engine:301 - compute dependency for SwPack X-CUBE-NFC7 have been done, and update is requested
2023-05-29 20:23:44,505 [INFO] Engine:301 - compute dependency for SwPack X-CUBE-SFXS2LP1 have been done, and update is requested
2023-05-29 20:23:44,530 [INFO] Engine:301 - compute dependency for SwPack X-CUBE-SUBG2 have been done, and update is requested
2023-05-29 20:23:44,554 [INFO] Engine:301 - compute dependency for SwPack X-CUBE-TOF1 have been done, and update is requested
2023-05-29 20:23:44,561 [INFO] Engine:305 - compute dependency for SwPack X-CUBE-TOUCHGFX have been done, no update is requested
2023-05-29 20:23:44,563 [INFO] Engine:301 - compute dependency for SwPack X-CUBE-ALGOBUILD have been done, and update is requested
2023-05-29 20:23:44,574 [INFO] Engine:301 - compute dependency for SwPack X-CUBE-AZRTOS-H7 have been done, and update is requested
2023-05-29 20:23:44,585 [INFO] Engine:301 - compute dependency for SwPack X-CUBE-AZRTOS-F4 have been done, and update is requested
2023-05-29 20:23:44,594 [INFO] Engine:301 - compute dependency for SwPack X-CUBE-AZRTOS-F7 have been done, and update is requested
2023-05-29 20:23:44,605 [INFO] Engine:301 - compute dependency for SwPack X-CUBE-AZRTOS-L4 have been done, and update is requested
2023-05-29 20:23:44,611 [ERROR] DependencyParser:1297 - StateRcvOpen_Cte Bad Token : )
2023-05-29 20:23:44,611 [ERROR] DependencyParser:1297 - StateRcvOpen_Cte Bad Token : )
2023-05-29 20:23:44,611 [ERROR] DependencyParser:1297 - StateRcvOpen_Cte Bad Token : )
2023-05-29 20:23:44,611 [ERROR] DependencyParser:1297 - StateRcvOpen_Cte Bad Token : )
2023-05-29 20:23:44,611 [ERROR] DependencyParser:1297 - StateRcvOpen_Cte Bad Token : )
2023-05-29 20:23:44,611 [ERROR] DependencyParser:1297 - StateRcvOpen_Cte Bad Token : )
2023-05-29 20:23:44,611 [ERROR] DependencyParser:1297 - StateRcvOpen_Cte Bad Token : )
2023-05-29 20:23:44,612 [ERROR] DependencyParser:1297 - StateRcvOpen_Cte Bad Token : )
2023-05-29 20:23:44,612 [ERROR] DependencyParser:1297 - StateRcvOpen_Cte Bad Token : )
2023-05-29 20:23:44,612 [ERROR] DependencyParser:1297 - StateRcvOpen_Cte Bad Token : )
2023-05-29 20:23:44,612 [ERROR] DependencyParser:1297 - StateRcvOpen_Cte Bad Token : )
2023-05-29 20:23:44,612 [ERROR] DependencyParser:1297 - StateRcvOpen_Cte Bad Token : )
2023-05-29 20:23:44,612 [ERROR] DependencyParser:1297 - StateRcvOpen_Cte Bad Token : )
2023-05-29 20:23:44,612 [ERROR] DependencyParser:1297 - StateRcvOpen_Cte Bad Token : )
2023-05-29 20:23:44,612 [ERROR] DependencyParser:1297 - StateRcvOpen_Cte Bad Token : )
2023-05-29 20:23:44,612 [ERROR] DependencyParser:1297 - StateRcvOpen_Cte Bad Token : )
2023-05-29 20:23:44,612 [ERROR] DependencyParser:1297 - StateRcvOpen_Cte Bad Token : )
2023-05-29 20:23:44,612 [ERROR] DependencyParser:1297 - StateRcvOpen_Cte Bad Token : )
2023-05-29 20:23:44,612 [ERROR] DependencyParser:1297 - StateRcvOpen_Cte Bad Token : )
2023-05-29 20:23:44,612 [ERROR] DependencyParser:1297 - StateRcvOpen_Cte Bad Token : )
2023-05-29 20:23:44,612 [ERROR] DependencyParser:1297 - StateRcvOpen_Cte Bad Token : )
2023-05-29 20:23:44,612 [ERROR] DependencyParser:1297 - StateRcvOpen_Cte Bad Token : )
2023-05-29 20:23:44,612 [ERROR] DependencyParser:1297 - StateRcvOpen_Cte Bad Token : )
2023-05-29 20:23:44,612 [ERROR] DependencyParser:1297 - StateRcvOpen_Cte Bad Token : )
2023-05-29 20:23:44,612 [ERROR] DependencyParser:1297 - StateRcvOpen_Cte Bad Token : )
2023-05-29 20:23:44,613 [ERROR] DependencyParser:1297 - StateRcvOpen_Cte Bad Token : )
2023-05-29 20:23:44,613 [ERROR] DependencyParser:1297 - StateRcvOpen_Cte Bad Token : )
2023-05-29 20:23:44,613 [ERROR] DependencyParser:1297 - StateRcvOpen_Cte Bad Token : )
2023-05-29 20:23:44,613 [ERROR] DependencyParser:1297 - StateRcvOpen_Cte Bad Token : )
2023-05-29 20:23:44,613 [ERROR] DependencyParser:1297 - StateRcvOpen_Cte Bad Token : )
2023-05-29 20:23:44,613 [ERROR] DependencyParser:1297 - StateRcvOpen_Cte Bad Token : )
2023-05-29 20:23:44,613 [ERROR] DependencyParser:1297 - StateRcvOpen_Cte Bad Token : )
2023-05-29 20:23:44,613 [ERROR] DependencyParser:1297 - StateRcvOpen_Cte Bad Token : )
2023-05-29 20:23:44,613 [ERROR] DependencyParser:1297 - StateRcvOpen_Cte Bad Token : )
2023-05-29 20:23:44,613 [ERROR] DependencyParser:1297 - StateRcvOpen_Cte Bad Token : )
2023-05-29 20:23:44,613 [ERROR] DependencyParser:1297 - StateRcvOpen_Cte Bad Token : )
2023-05-29 20:23:44,613 [ERROR] DependencyParser:1297 - StateRcvOpen_Cte Bad Token : )
2023-05-29 20:23:44,613 [ERROR] DependencyParser:1297 - StateRcvOpen_Cte Bad Token : )
2023-05-29 20:23:44,613 [ERROR] DependencyParser:1297 - StateRcvOpen_Cte Bad Token : )
2023-05-29 20:23:44,613 [ERROR] DependencyParser:1297 - StateRcvOpen_Cte Bad Token : )
2023-05-29 20:23:44,613 [ERROR] DependencyParser:1297 - StateRcvOpen_Cte Bad Token : )
2023-05-29 20:23:44,613 [ERROR] DependencyParser:1297 - StateRcvOpen_Cte Bad Token : )
2023-05-29 20:23:44,614 [ERROR] DependencyParser:1297 - StateRcvOpen_Cte Bad Token : )
2023-05-29 20:23:44,614 [ERROR] DependencyParser:1297 - StateRcvOpen_Cte Bad Token : )
2023-05-29 20:23:44,614 [ERROR] DependencyParser:1297 - StateRcvOpen_Cte Bad Token : )
2023-05-29 20:23:44,614 [ERROR] DependencyParser:1297 - StateRcvOpen_Cte Bad Token : )
2023-05-29 20:23:44,614 [INFO] Engine:305 - compute dependency for SwPack X-CUBE-AZRTOS-L5 have been done, no update is requested
2023-05-29 20:23:44,618 [INFO] Engine:301 - compute dependency for SwPack X-CUBE-AZRTOS-G0 have been done, and update is requested
2023-05-29 20:23:44,628 [INFO] Engine:301 - compute dependency for SwPack X-CUBE-AZRTOS-G4 have been done, and update is requested
2023-05-29 20:23:44,638 [INFO] Engine:301 - compute dependency for SwPack X-CUBE-AZRTOS-WB have been done, and update is requested
2023-05-29 20:23:44,646 [INFO] Engine:301 - compute dependency for SwPack X-CUBE-AZRTOS-WL have been done, and update is requested
2023-05-29 20:23:44,652 [INFO] Engine:301 - compute dependency for SwPack I-CUBE-wolfSSL have been done, and update is requested
2023-05-29 20:23:44,764 [INFO] Engine:301 - compute dependency for SwPack I-CUBE-embOS have been done, and update is requested
2023-05-29 20:23:44,771 [INFO] Engine:301 - compute dependency for SwPack I-Cube-SoM-uGOAL have been done, and update is requested
2023-05-29 20:23:44,778 [INFO] Engine:301 - compute dependency for SwPack I-CUBE-Cesium have been done, and update is requested
2023-05-29 20:23:44,787 [INFO] Engine:305 - compute dependency for SwPack FreeRTOS have been done, no update is requested
2023-05-29 20:23:44,788 [INFO] Engine:305 - compute dependency for SwPack lwIP have been done, no update is requested
2023-05-29 20:23:44,788 [INFO] Engine:305 - compute dependency for SwPack lwIP have been done, no update is requested
2023-05-29 20:23:44,788 [INFO] Engine:305 - compute dependency for SwPack MBEDTLS have been done, no update is requested
2023-05-29 20:23:44,788 [INFO] Engine:305 - compute dependency for SwPack MBEDTLS have been done, no update is requested
2023-05-29 20:23:44,788 [INFO] Engine:305 - compute dependency for SwPack PDM2PCM have been done, no update is requested
2023-05-29 20:23:44,788 [INFO] Engine:305 - compute dependency for SwPack PDM2PCM have been done, no update is requested
2023-05-29 20:23:44,788 [INFO] Engine:305 - compute dependency for SwPack PDM2PCM have been done, no update is requested
2023-05-29 20:23:44,792 [INFO] Engine:305 - compute dependency for SwPack USB_DEVICE have been done, no update is requested
2023-05-29 20:23:44,792 [INFO] Engine:305 - compute dependency for SwPack USB_DEVICE have been done, no update is requested
2023-05-29 20:23:44,792 [INFO] Engine:305 - compute dependency for SwPack USB_DEVICE have been done, no update is requested
2023-05-29 20:23:44,795 [INFO] Engine:305 - compute dependency for SwPack USB_HOST have been done, no update is requested
2023-05-29 20:23:44,795 [INFO] Engine:305 - compute dependency for SwPack USB_HOST have been done, no update is requested
2023-05-29 20:23:44,801 [INFO] Engine:301 - compute dependency for SwPack X-CUBE-AZRTOS-L4 have been done, and update is requested
2023-05-29 20:23:44,810 [INFO] ThirdPartyDb:299 - Save Third Party DataBase File (C:/Users/hassa/.stm32cubemx/plugins/thirdparty/db/thirdparties_db.xml) [forced]
2023-05-29 20:23:44,829 [INFO] LoadServerUpdatesThread:309 - End of LoadServerUpdate Thread
2023-05-29 20:23:47,166 [WARN] MainUpdater:1087 - Updater busy. Cannot search thirdparties
2023-05-29 20:23:47,681 [INFO] LoadUrlFilesThread:135 - End of LoadUrlFiles Thread
2023-05-29 20:23:47,819 [INFO] ServerAccessManage:348 - Download File boardsDocs.json._tmp_
2023-05-29 20:23:47,854 [INFO] LoadUrlFilesThread:135 - End of LoadUrlFiles Thread
2023-05-29 20:23:47,959 [INFO] ServerAccessManage:348 - Download File boards.json._tmp_
2023-05-29 20:23:48,222 [INFO] LoadUrlFilesThread:135 - End of LoadUrlFiles Thread
2023-05-29 20:23:48,582 [INFO] ServerAccessManage:348 - Download File cube-finder-db.zip
2023-05-29 20:23:50,175 [WARN] MainUpdater:1087 - Updater busy. Cannot search thirdparties
2023-05-29 20:23:53,175 [WARN] MainUpdater:1087 - Updater busy. Cannot search thirdparties
2023-05-29 20:23:56,179 [WARN] MainUpdater:1087 - Updater busy. Cannot search thirdparties
2023-05-29 20:23:58,830 [INFO] FileExtend:225 - Unzip File : cube-finder-db.zip
2023-05-29 20:23:58,833 [INFO] FileExtend:240 - Standard Zip Deflate
2023-05-29 20:23:59,194 [WARN] MainUpdater:1087 - Updater busy. Cannot search thirdparties
2023-05-29 20:23:59,601 [INFO] LoadUrlFilesThread:135 - End of LoadUrlFiles Thread
2023-05-29 20:24:00,135 [INFO] ServerAccessManage:348 - Download File crdb.zip
2023-05-29 20:24:00,536 [INFO] FileExtend:225 - Unzip File : crdb.zip
2023-05-29 20:24:00,537 [INFO] FileExtend:240 - Standard Zip Deflate
2023-05-29 20:24:00,562 [INFO] LoadUrlFilesThread:135 - End of LoadUrlFiles Thread
2023-05-29 20:24:00,877 [INFO] ServerAccessManage:348 - Download File tutoVideoDB.zip
2023-05-29 20:24:00,924 [INFO] FileExtend:225 - Unzip File : tutoVideoDB.zip
2023-05-29 20:24:00,926 [INFO] FileExtend:240 - Standard Zip Deflate
2023-05-29 20:24:00,940 [INFO] LoadUrlFilesThread:135 - End of LoadUrlFiles Thread
2023-05-29 20:24:00,956 [INFO] DbMcusDocs:145 - JSON generation date=Tue Nov 16 18:17:54 EET 2021 (1637079474)
2023-05-29 20:24:00,956 [INFO] DbMcusXml:100 - Load MCU database from C:\ST\STM32CubeIDE_1.4.0\STM32CubeIDE\plugins\com.st.stm32cube.common.mx_6.0.0.202007160824\\db\/mcu/families.xml
2023-05-29 20:24:01,394 [INFO] DbMcusJson:92 - JSON generation date=Tue Nov 16 18:17:54 EET 2021 (1637079474)
2023-05-29 20:24:01,921 [INFO] DbMcus:175 - Found 1761 MCUs (1722 are supported by CubeMX, 1911 are visible in CubeMX)
2023-05-29 20:24:01,922 [INFO] ApiDb:201 - Load user favorites file C:\Users\hassa/.stm32cubemx/favorites.mcus.txt: 0 item(s)
2023-05-29 20:24:01,922 [INFO] ApiDb:205 - User favorites MCUs=[]
2023-05-29 20:24:01,922 [INFO] DbMcus:187 - Set 0 / 0 favorites MCUs
2023-05-29 20:24:02,347 [INFO] DbMcusDocs:81 - Found 682 MCUs documents
2023-05-29 20:24:02,349 [INFO] ApiDb:226 - Save user favorites file C:\Users\hassa/.stm32cubemx/favorites.mcus.txt: 0 item(s)
2023-05-29 20:24:02,350 [INFO] ApiDb:230 - User favorites MCUs=[]
2023-05-29 20:24:02,350 [INFO] DbMcusXml:100 - Load MCU database from C:\ST\STM32CubeIDE_1.4.0\STM32CubeIDE\plugins\com.st.stm32cube.common.mx_6.0.0.202007160824\\db\/mcu/families.xml
2023-05-29 20:24:02,367 [INFO] ThirdPartyDb:299 - Save Third Party DataBase File (C:/Users/hassa/.stm32cubemx/plugins/thirdparty/db/thirdparties_db.xml) [forced]
2023-05-29 20:24:02,389 [INFO] ThirdPartyDb:299 - Save Third Party DataBase File (C:/Users/hassa/.stm32cubemx/plugins/thirdparty/db/thirdparties_db.xml) [forced]
2023-05-29 20:24:02,427 [INFO] IntegrityCheckThread:76 - exiting critical section [integrity check]
2023-05-29 20:24:02,428 [INFO] IntegrityCheckThread:79 - End integrity checks thread
2023-05-29 20:24:02,642 [INFO] DbMcusJson:92 - JSON generation date=Tue Nov 16 18:17:54 EET 2021 (1637079474)
2023-05-29 20:24:02,998 [INFO] DbMcus:175 - Found 1761 MCUs (1722 are supported by CubeMX, 1911 are visible in CubeMX)
2023-05-29 20:24:02,999 [INFO] ApiDb:201 - Load user favorites file C:\Users\hassa/.stm32cubemx/favorites.mcus.txt: 0 item(s)
2023-05-29 20:24:02,999 [INFO] ApiDb:205 - User favorites MCUs=[]
2023-05-29 20:24:02,999 [INFO] DbMcus:187 - Set 0 / 0 favorites MCUs
2023-05-29 20:24:03,004 [INFO] DbBoardsDocs:145 - JSON generation date=Tue Nov 16 18:17:54 EET 2021 (1637079474)
2023-05-29 20:24:03,034 [INFO] DbBoardsPdsc:94 - Found 23 items
2023-05-29 20:24:03,044 [INFO] DbBoardsPdsc:94 - Found 9 items
2023-05-29 20:24:03,054 [INFO] DbBoardsPdsc:94 - Found 29 items
2023-05-29 20:24:03,063 [INFO] DbBoardsPdsc:94 - Found 1 items
2023-05-29 20:24:03,075 [INFO] DbBoardsPdsc:94 - Found 44 items
2023-05-29 20:24:03,088 [INFO] DbBoardsPdsc:94 - Found 40 items
2023-05-29 20:24:03,096 [INFO] DbBoardsPdsc:94 - Found 2 items
2023-05-29 20:24:03,104 [INFO] DbBoardsPdsc:94 - Found 4 items
2023-05-29 20:24:03,108 [WARN] DbBoardsPdsc:258 - Board STM32H7B3I-DK: unknown feature type=Audio, name=, username=Audio stereo codec with Headphone Amp (CS42L51-CNZ), n=1
2023-05-29 20:24:03,109 [WARN] DbBoardsPdsc:258 - Board STM32H735G-DK: unknown feature type=Audio, name=, username=Audio stereo codec with Headphone Amp (WM8994ECS/R), n=1
2023-05-29 20:24:03,110 [WARN] DbBoardsPdsc:258 - Board STM32H7B3I-EVAL: unknown feature type=Audio, name=, username=Multi-Channel Audio Codec (CS42L51-CNZ), n=1
2023-05-29 20:24:03,110 [WARN] DbBoardsPdsc:258 - Board STM32H7B3I-EVAL: unknown feature type=Meter, name=, username=Power-metering and Temperature-monitoring with sigma-delta modulators, n=1
2023-05-29 20:24:03,110 [WARN] DbBoardsPdsc:258 - Board STM32H7B3I-EVAL: unknown feature type=Motor, name=, username=Motor Control, n=1
2023-05-29 20:24:03,119 [INFO] DbBoardsJson:85 - JSON generation date=Tue Nov 16 18:17:54 EET 2021 (1637079474)
2023-05-29 20:24:03,124 [INFO] DbBoards:117 - Found 166 boards (149 are supported by CubeMX)
2023-05-29 20:24:03,125 [INFO] DbBoardsDocs:145 - JSON generation date=Tue Nov 16 18:17:54 EET 2021 (1637079474)
2023-05-29 20:24:03,129 [INFO] DbBoardsDocs:81 - Found 209 boards documents
2023-05-29 20:24:03,130 [WARN] DbBoards:127 - board B-L475E-IOT01A2 has no document id list !
2023-05-29 20:24:03,131 [WARN] DbBoards:127 - board NUCLEO-H743ZI has no document id list !
2023-05-29 20:24:03,132 [WARN] DbBoards:127 - board P-NUCLEO-WB55-Nucleo has no document id list !
2023-05-29 20:24:03,132 [WARN] DbBoards:127 - board P-NUCLEO-WB55-USBDongle has no document id list !
2023-05-29 20:24:03,132 [WARN] DbBoards:127 - board STEVAL-BFA001V1B has no document id list !
2023-05-29 20:24:03,132 [WARN] DbBoards:127 - board STEVAL-BFA001V2B has no document id list !
2023-05-29 20:24:03,132 [WARN] DbBoards:127 - board STEVAL-IDP005V1 has no document id list !
2023-05-29 20:24:03,132 [WARN] DbBoards:127 - board STEVAL-IDP005V2 has no document id list !
2023-05-29 20:24:03,132 [WARN] DbBoards:127 - board STEVAL-MKSBOX1V1 has no document id list !
2023-05-29 20:24:03,132 [WARN] DbBoards:127 - board STEVAL-STWINKT1 has no document id list !
2023-05-29 20:24:03,133 [WARN] DbBoards:127 - board STEVAL-STWINKT1B has no document id list !
2023-05-29 20:24:03,133 [WARN] DbBoards:127 - board STM32439I-EVAL2 has no document id list !
2023-05-29 20:24:03,133 [WARN] DbBoards:127 - board STM32F401C-DISCO has no document id list !
2023-05-29 20:24:03,133 [WARN] DbBoards:127 - board STM32F769I-DISC1 has no document id list !
2023-05-29 20:24:03,134 [WARN] DbBoards:127 - board STM32G474E-EVAL1 has no document id list !
2023-05-29 20:24:03,134 [WARN] DbBoards:127 - board STM32H743I-EVAL2 has no document id list !
2023-05-29 20:24:03,134 [WARN] DbBoards:127 - board STM32H747I-DISC1 has no document id list !
2023-05-29 20:24:03,134 [WARN] DbBoards:127 - board STM32H753I-EVAL2 has no document id list !
2023-05-29 20:24:03,134 [WARN] DbBoards:127 - board STM32L-DISCOVERY has no document id list !
2023-05-29 20:24:03,194 [ERROR] DbBoards:189 - Image file not found for board B-L462E-CELL1: C:\ST\STM32CubeIDE_1.4.0\STM32CubeIDE\plugins\com.st.stm32cube.common.mx_6.0.0.202007160824\\db\/plugins/mcufinder/images/boards/B-L462E-CELL1_small.jpg
2023-05-29 20:24:03,225 [ERROR] DbBoards:189 - Image file not found for board B-U585I-IOT02A: C:\ST\STM32CubeIDE_1.4.0\STM32CubeIDE\plugins\com.st.stm32cube.common.mx_6.0.0.202007160824\\db\/plugins/mcufinder/images/boards/B-U585I-IOT02A_small.jpg
2023-05-29 20:24:03,283 [ERROR] DbBoards:189 - Image file not found for board NUCLEO-F413ZH: C:\ST\STM32CubeIDE_1.4.0\STM32CubeIDE\plugins\com.st.stm32cube.common.mx_6.0.0.202007160824\\db\/plugins/mcufinder/images/boards/nucleo-f413zh_small.jpg
2023-05-29 20:24:03,383 [ERROR] DbBoards:189 - Image file not found for board NUCLEO-L552ZE-Q: C:\ST\STM32CubeIDE_1.4.0\STM32CubeIDE\plugins\com.st.stm32cube.common.mx_6.0.0.202007160824\\db\/plugins/mcufinder/images/boards/nucleo_l552ze_q_small.jpg
2023-05-29 20:24:03,383 [ERROR] DbBoards:189 - Image file not found for board NUCLEO-U575ZI-Q: C:\ST\STM32CubeIDE_1.4.0\STM32CubeIDE\plugins\com.st.stm32cube.common.mx_6.0.0.202007160824\\db\/plugins/mcufinder/images/boards/nucleo-u575zi-q_small.jpg
2023-05-29 20:24:03,383 [ERROR] DbBoards:189 - Image file not found for board NUCLEO-WB15CC: C:\ST\STM32CubeIDE_1.4.0\STM32CubeIDE\plugins\com.st.stm32cube.common.mx_6.0.0.202007160824\\db\/plugins/mcufinder/images/boards/nucleo-wb15cc_small.jpg
2023-05-29 20:24:03,383 [ERROR] DbBoards:189 - Image file not found for board NUCLEO-WB55RG: C:\ST\STM32CubeIDE_1.4.0\STM32CubeIDE\plugins\com.st.stm32cube.common.mx_6.0.0.202007160824\\db\/plugins/mcufinder/images/boards/nucleo-wb55rg_small.jpg
2023-05-29 20:24:03,383 [ERROR] DbBoards:189 - Image file not found for board NUCLEO-WL55JC: C:\ST\STM32CubeIDE_1.4.0\STM32CubeIDE\plugins\com.st.stm32cube.common.mx_6.0.0.202007160824\\db\/plugins/mcufinder/images/boards/nucleo-wl55jc-small.jpg
2023-05-29 20:24:03,510 [ERROR] DbBoards:189 - Image file not found for board STEVAL-STWINKT1B: C:\ST\STM32CubeIDE_1.4.0\STM32CubeIDE\plugins\com.st.stm32cube.common.mx_6.0.0.202007160824\\db\/plugins/mcufinder/images/boards/steval-stwinkt1b_small.jpg
2023-05-29 20:24:03,866 [ERROR] DbBoards:189 - Image file not found for board STM32G0C1E-EV: C:\ST\STM32CubeIDE_1.4.0\STM32CubeIDE\plugins\com.st.stm32cube.common.mx_6.0.0.202007160824\\db\/plugins/mcufinder/images/boards/stm32g0c1e-eval_small.jpg
2023-05-29 20:24:03,936 [ERROR] DbBoards:189 - Image file not found for board STM32H7B3I-EVAL: C:\ST\STM32CubeIDE_1.4.0\STM32CubeIDE\plugins\com.st.stm32cube.common.mx_6.0.0.202007160824\\db\/plugins/mcufinder/images/boards/stm32h7b3ieval_small.jpg
2023-05-29 20:24:04,102 [ERROR] DbBoards:189 - Image file not found for board STM32U575I-EV: C:\ST\STM32CubeIDE_1.4.0\STM32CubeIDE\plugins\com.st.stm32cube.common.mx_6.0.0.202007160824\\db\/plugins/mcufinder/images/boards/stm32u575i-ev_small.jpg
2023-05-29 20:24:04,126 [ERROR] DbBoards:189 - Image file not found for board STM32WB5MM-DK: C:\ST\STM32CubeIDE_1.4.0\STM32CubeIDE\plugins\com.st.stm32cube.common.mx_6.0.0.202007160824\\db\/plugins/mcufinder/images/boards/STM32WB5MM-DK_small.jpg
2023-05-29 20:24:04,127 [INFO] ApiDb:201 - Load user favorites file C:\Users\hassa/.stm32cubemx/favorites.boards.txt: 0 item(s)
2023-05-29 20:24:04,127 [INFO] ApiDb:205 - User favorites Boards=[]
2023-05-29 20:24:04,127 [INFO] DbBoards:206 - Set 0 / 0 favorites Boards
2023-05-29 20:24:04,130 [INFO] DbBoardsDocs:81 - Found 418 boards documents
2023-05-29 20:24:04,131 [INFO] ApiDb:226 - Save user favorites file C:\Users\hassa/.stm32cubemx/favorites.boards.txt: 0 item(s)
2023-05-29 20:24:04,131 [INFO] ApiDb:230 - User favorites Boards=[]
2023-05-29 20:24:04,134 [INFO] DbBoardsPdsc:94 - Found 23 items
2023-05-29 20:24:04,135 [INFO] DbBoardsPdsc:94 - Found 9 items
2023-05-29 20:24:04,137 [INFO] DbBoardsPdsc:94 - Found 29 items
2023-05-29 20:24:04,138 [INFO] DbBoardsPdsc:94 - Found 1 items
2023-05-29 20:24:04,142 [INFO] DbBoardsPdsc:94 - Found 44 items
2023-05-29 20:24:04,146 [INFO] DbBoardsPdsc:94 - Found 40 items
2023-05-29 20:24:04,147 [INFO] DbBoardsPdsc:94 - Found 2 items
2023-05-29 20:24:04,149 [INFO] DbBoardsPdsc:94 - Found 4 items
2023-05-29 20:24:04,151 [WARN] DbBoardsPdsc:258 - Board STM32H7B3I-DK: unknown feature type=Audio, name=, username=Audio stereo codec with Headphone Amp (CS42L51-CNZ), n=1
2023-05-29 20:24:04,151 [WARN] DbBoardsPdsc:258 - Board STM32H735G-DK: unknown feature type=Audio, name=, username=Audio stereo codec with Headphone Amp (WM8994ECS/R), n=1
2023-05-29 20:24:04,152 [WARN] DbBoardsPdsc:258 - Board STM32H7B3I-EVAL: unknown feature type=Audio, name=, username=Multi-Channel Audio Codec (CS42L51-CNZ), n=1
2023-05-29 20:24:04,153 [WARN] DbBoardsPdsc:258 - Board STM32H7B3I-EVAL: unknown feature type=Meter, name=, username=Power-metering and Temperature-monitoring with sigma-delta modulators, n=1
2023-05-29 20:24:04,153 [WARN] DbBoardsPdsc:258 - Board STM32H7B3I-EVAL: unknown feature type=Motor, name=, username=Motor Control, n=1
2023-05-29 20:24:04,162 [INFO] DbBoardsJson:85 - JSON generation date=Tue Nov 16 18:17:54 EET 2021 (1637079474)
2023-05-29 20:24:04,166 [INFO] DbBoards:117 - Found 166 boards (149 are supported by CubeMX)
2023-05-29 20:24:04,166 [WARN] DbBoards:127 - board B-L475E-IOT01A2 has no document id list !
2023-05-29 20:24:04,166 [WARN] DbBoards:127 - board NUCLEO-H743ZI has no document id list !
2023-05-29 20:24:04,166 [WARN] DbBoards:127 - board P-NUCLEO-WB55-Nucleo has no document id list !
2023-05-29 20:24:04,167 [WARN] DbBoards:127 - board P-NUCLEO-WB55-USBDongle has no document id list !
2023-05-29 20:24:04,167 [WARN] DbBoards:127 - board STEVAL-BFA001V1B has no document id list !
2023-05-29 20:24:04,167 [WARN] DbBoards:127 - board STEVAL-BFA001V2B has no document id list !
2023-05-29 20:24:04,167 [WARN] DbBoards:127 - board STEVAL-IDP005V1 has no document id list !
2023-05-29 20:24:04,167 [WARN] DbBoards:127 - board STEVAL-IDP005V2 has no document id list !
2023-05-29 20:24:04,167 [WARN] DbBoards:127 - board STEVAL-MKSBOX1V1 has no document id list !
2023-05-29 20:24:04,167 [WARN] DbBoards:127 - board STEVAL-STWINKT1 has no document id list !
2023-05-29 20:24:04,167 [WARN] DbBoards:127 - board STEVAL-STWINKT1B has no document id list !
2023-05-29 20:24:04,167 [WARN] DbBoards:127 - board STM32439I-EVAL2 has no document id list !
2023-05-29 20:24:04,167 [WARN] DbBoards:127 - board STM32F401C-DISCO has no document id list !
2023-05-29 20:24:04,167 [WARN] DbBoards:127 - board STM32F769I-DISC1 has no document id list !
2023-05-29 20:24:04,167 [WARN] DbBoards:127 - board STM32G474E-EVAL1 has no document id list !
2023-05-29 20:24:04,167 [WARN] DbBoards:127 - board STM32H743I-EVAL2 has no document id list !
2023-05-29 20:24:04,167 [WARN] DbBoards:127 - board STM32H747I-DISC1 has no document id list !
2023-05-29 20:24:04,167 [WARN] DbBoards:127 - board STM32H753I-EVAL2 has no document id list !
2023-05-29 20:24:04,168 [WARN] DbBoards:127 - board STM32L-DISCOVERY has no document id list !
2023-05-29 20:24:04,186 [ERROR] DbBoards:189 - Image file not found for board B-L462E-CELL1: C:\ST\STM32CubeIDE_1.4.0\STM32CubeIDE\plugins\com.st.stm32cube.common.mx_6.0.0.202007160824\\db\/plugins/mcufinder/images/boards/B-L462E-CELL1_small.jpg
2023-05-29 20:24:04,204 [ERROR] DbBoards:189 - Image file not found for board B-U585I-IOT02A: C:\ST\STM32CubeIDE_1.4.0\STM32CubeIDE\plugins\com.st.stm32cube.common.mx_6.0.0.202007160824\\db\/plugins/mcufinder/images/boards/B-U585I-IOT02A_small.jpg
2023-05-29 20:24:04,241 [ERROR] DbBoards:189 - Image file not found for board NUCLEO-F413ZH: C:\ST\STM32CubeIDE_1.4.0\STM32CubeIDE\plugins\com.st.stm32cube.common.mx_6.0.0.202007160824\\db\/plugins/mcufinder/images/boards/nucleo-f413zh_small.jpg
2023-05-29 20:24:04,331 [ERROR] DbBoards:189 - Image file not found for board NUCLEO-L552ZE-Q: C:\ST\STM32CubeIDE_1.4.0\STM32CubeIDE\plugins\com.st.stm32cube.common.mx_6.0.0.202007160824\\db\/plugins/mcufinder/images/boards/nucleo_l552ze_q_small.jpg
2023-05-29 20:24:04,331 [ERROR] DbBoards:189 - Image file not found for board NUCLEO-U575ZI-Q: C:\ST\STM32CubeIDE_1.4.0\STM32CubeIDE\plugins\com.st.stm32cube.common.mx_6.0.0.202007160824\\db\/plugins/mcufinder/images/boards/nucleo-u575zi-q_small.jpg
2023-05-29 20:24:04,332 [ERROR] DbBoards:189 - Image file not found for board NUCLEO-WB15CC: C:\ST\STM32CubeIDE_1.4.0\STM32CubeIDE\plugins\com.st.stm32cube.common.mx_6.0.0.202007160824\\db\/plugins/mcufinder/images/boards/nucleo-wb15cc_small.jpg
2023-05-29 20:24:04,332 [ERROR] DbBoards:189 - Image file not found for board NUCLEO-WB55RG: C:\ST\STM32CubeIDE_1.4.0\STM32CubeIDE\plugins\com.st.stm32cube.common.mx_6.0.0.202007160824\\db\/plugins/mcufinder/images/boards/nucleo-wb55rg_small.jpg
2023-05-29 20:24:04,332 [ERROR] DbBoards:189 - Image file not found for board NUCLEO-WL55JC: C:\ST\STM32CubeIDE_1.4.0\STM32CubeIDE\plugins\com.st.stm32cube.common.mx_6.0.0.202007160824\\db\/plugins/mcufinder/images/boards/nucleo-wl55jc-small.jpg
2023-05-29 20:24:04,395 [ERROR] DbBoards:189 - Image file not found for board STEVAL-STWINKT1B: C:\ST\STM32CubeIDE_1.4.0\STM32CubeIDE\plugins\com.st.stm32cube.common.mx_6.0.0.202007160824\\db\/plugins/mcufinder/images/boards/steval-stwinkt1b_small.jpg
2023-05-29 20:24:04,519 [ERROR] DbBoards:189 - Image file not found for board STM32G0C1E-EV: C:\ST\STM32CubeIDE_1.4.0\STM32CubeIDE\plugins\com.st.stm32cube.common.mx_6.0.0.202007160824\\db\/plugins/mcufinder/images/boards/stm32g0c1e-eval_small.jpg
2023-05-29 20:24:04,565 [ERROR] DbBoards:189 - Image file not found for board STM32H7B3I-EVAL: C:\ST\STM32CubeIDE_1.4.0\STM32CubeIDE\plugins\com.st.stm32cube.common.mx_6.0.0.202007160824\\db\/plugins/mcufinder/images/boards/stm32h7b3ieval_small.jpg
2023-05-29 20:24:04,647 [ERROR] DbBoards:189 - Image file not found for board STM32U575I-EV: C:\ST\STM32CubeIDE_1.4.0\STM32CubeIDE\plugins\com.st.stm32cube.common.mx_6.0.0.202007160824\\db\/plugins/mcufinder/images/boards/stm32u575i-ev_small.jpg
2023-05-29 20:24:04,660 [ERROR] DbBoards:189 - Image file not found for board STM32WB5MM-DK: C:\ST\STM32CubeIDE_1.4.0\STM32CubeIDE\plugins\com.st.stm32cube.common.mx_6.0.0.202007160824\\db\/plugins/mcufinder/images/boards/STM32WB5MM-DK_small.jpg
2023-05-29 20:24:04,660 [INFO] ApiDb:201 - Load user favorites file C:\Users\hassa/.stm32cubemx/favorites.boards.txt: 0 item(s)
2023-05-29 20:24:04,660 [INFO] ApiDb:205 - User favorites Boards=[]
2023-05-29 20:24:04,660 [INFO] DbBoards:206 - Set 0 / 0 favorites Boards
2023-05-29 20:24:04,816 [INFO] DbExamplesSqlite:156 - SQLite db open (C:\Users\hassa\.stmcufinder\plugins\mcufinder\mcu\cube-finder-db.db)
2023-05-29 20:24:05,340 [INFO] DbExamplesSqlite:447 - Ignored 0 examples not supported by CubeIDE
2023-05-29 20:24:05,341 [INFO] DbExamplesSqlite:448 - Found 7342 examples active
2023-05-29 20:24:05,341 [INFO] DbExamplesSqlite:449 - Found 1107 examples obsolete
2023-05-29 20:24:05,341 [INFO] DbExamplesSqlite:450 - Found 0 examples under development
2023-05-29 20:24:05,341 [INFO] DbExamplesSqlite:451 - Found 77 examples not building
2023-05-29 20:24:05,394 [INFO] DbExamplesSqlite:130 - SQLite Data Model version=2.1
2023-05-29 20:24:05,394 [INFO] DbExamplesSqlite:131 - SQLite Configuration version=3.0.35
2023-05-29 20:24:05,394 [INFO] DbExamplesSqlite:132 - SQLite generation date=2023-05-12 (1683877179)
2023-05-29 20:24:05,394 [INFO] DbExamplesSqlite:133 - SQLite FW Pack versions=[FP-ATR-ASTRA1_V2.0.0, FP-SNS-FLIGHT1_V5.0.0, FP-SNS-MOTENV1_V4.3.0, STM32Cube_FW_C0_V1.0.1, STM32Cube_FW_F0_V1.11.4, STM32Cube_FW_F3_V1.11.4, STM32Cube_FW_F4_V1.27.1, STM32Cube_FW_F7_V1.17.0, STM32Cube_FW_G0_V1.6.1, STM32Cube_FW_G4_V1.5.1, STM32Cube_FW_H5_V0.5.1, STM32Cube_FW_H5_V1.0.0, STM32Cube_FW_H7_V1.11.0, STM32Cube_FW_L0_V1.12.2, STM32Cube_FW_L5_V1.5.0, STM32Cube_FW_U5_V1.2.0, STM32Cube_FW_WBA_V1.0.0, STM32Cube_FW_WBA_V1.0.0RC1, STM32Cube_FW_WBA_V1.0.0RC3, STM32Cube_FW_WB_V1.15.0RC1, STM32Cube_FW_WB_V1.16.0, STM32Cube_FW_WB_V1.16.0RC2, STM32Cube_FW_WL_V1.3.0, X-CUBE-ALGOBUILD_V1.3.0, X-CUBE-ALS_V1.0.1, X-CUBE-AZRTOS-F4_V1.1.0, X-CUBE-AZRTOS-F7_V1.1.0, X-CUBE-AZRTOS-G0_V1.1.0, X-CUBE-AZRTOS-G4_V2.0.0, X-CUBE-AZRTOS-H7_V3.1.0, X-CUBE-AZRTOS-L4_V1.0.0, X-CUBE-AZRTOS-L5_V1.1.0, X-CUBE-AZRTOS-WB_V1.1.0, X-CUBE-AZRTOS-WL_V1.0.0, X-CUBE-BLE1_V6.2.4, X-CUBE-BLE2_V3.3.0, X-CUBE-BLEMGR_V2.0.0, X-CUBE-EEPRMA1_V4.1.0, X-CUBE-FREERTOS_V1.0.1, X-CUBE-GNSS1_V6.0.0, X-CUBE-MEMS1_V9.1.0, X-CUBE-MEMS1_V9.4.0, X-CUBE-MEMS1_V9.6.0, X-CUBE-NFC4_V3.0.0, X-CUBE-NFC7_V1.0.0, X-CUBE-SFXS2LP1_V4.0.0, X-CUBE-SUBG2_V5.0.0]
2023-05-29 20:24:05,395 [INFO] DbExamples:123 - Found 7419 examples
2023-05-29 20:24:05,753 [ERROR] DbExamples:199 - Found 7419 examples with invalid data (board or MCU)
2023-05-29 20:24:05,754 [INFO] DbExamples:215 - Found 77 boards with related examples
2023-05-29 20:24:05,754 [INFO] DbExamples:228 - Found 0 MCUs with related examples
2023-05-29 20:24:05,775 [INFO] ApiDb:192 - User favorites file not found: C:\Users\hassa/.stm32cubemx/favorites.examples.txt
2023-05-29 20:24:05,775 [INFO] DbExamples:249 - Set 0 / 0 favorites Examples
2023-05-29 20:24:05,995 [INFO] McuFinderGlobals:40 - Set McuFinder mode to 2 (CubeIDE integrated)
2023-05-29 20:24:06,145 [INFO] CrossSelectorPresenter:1330 - Cross Selector saved comparison directory: C:\Users\hassa\.stmcufinder\plugins\mcufinder\mcu\cs_comparisons_mx
2023-05-29 20:24:06,151 [INFO] MultiScanPanel:193 - Auto-refresh data requested => check proxy status ongoing
2023-05-29 20:24:06,153 [INFO] FinderPluginLoader:87 - Searching for filters in installed packs
2023-05-29 20:24:06,487 [INFO] LoadUrlFilesThread:162 - End of LoadServerUrlFiles without Thread
2023-05-29 20:24:06,491 [INFO] DetailPanel:331 - Set advertising image to C:/Users/hassa/STM32Cube/Repository/\stm32cubemx-promo_image.jpg
2023-05-29 20:24:06,686 [INFO] McuFilterPanel:245 - Update 0 favorites MCUs
2023-05-29 20:24:10,748 [INFO] RetryExec:97 - I/O exception (org.apache.http.NoHttpResponseException) caught when processing request to {s}->https://download.eclipse.org:443: The target server failed to respond
2023-05-29 20:24:10,750 [INFO] RetryExec:113 - Retrying request to {s}->https://download.eclipse.org:443
2023-05-29 20:24:11,645 [INFO] ApiDb:226 - Save user favorites file C:\Users\hassa/.stm32cubeide/favorites.mcus.txt: 0 item(s)
2023-05-29 20:24:11,646 [INFO] ApiDb:230 - User favorites MCUs=[]
2023-05-29 20:24:16,876 [INFO] MainUpdater:2268 - connection check result : 10
2023-05-29 20:24:16,950 [INFO] McuFinderGlobals:40 - Set McuFinder mode to 2 (CubeIDE integrated)
2023-05-29 20:24:16,960 [INFO] CrossSelectorPresenter:1330 - Cross Selector saved comparison directory: C:\Users\hassa\.stmcufinder\plugins\mcufinder\mcu\cs_comparisons_mx
2023-05-29 20:24:16,961 [INFO] MultiScanPanel:193 - Auto-refresh data requested => check proxy status ongoing
2023-05-29 20:24:16,961 [INFO] FinderPluginLoader:87 - Searching for filters in installed packs
2023-05-29 20:24:17,124 [INFO] LoadUrlFilesThread:162 - End of LoadServerUrlFiles without Thread
2023-05-29 20:24:17,125 [INFO] DetailPanel:331 - Set advertising image to C:/Users/hassa/STM32Cube/Repository/\stm32cubemx-promo_image.jpg
2023-05-29 20:24:17,249 [INFO] McuFilterPanel:245 - Update 0 favorites MCUs
2023-05-29 20:25:10,640 [INFO] LogOutputStream:76 - [STDOUT_REDIRECT] withoutVersionV1.8.4
2023-05-29 20:25:10,641 [INFO] LogOutputStream:76 - [STDOUT_REDIRECT] withoutVersionV1.8.3
2023-05-29 20:25:10,641 [INFO] LogOutputStream:76 - [STDOUT_REDIRECT] withoutVersionV1.8.2
2023-05-29 20:25:10,641 [INFO] LogOutputStream:76 - [STDOUT_REDIRECT] withoutVersionV1.8.1
2023-05-29 20:25:10,642 [INFO] LogOutputStream:76 - [STDOUT_REDIRECT] withoutVersionV1.8.0
2023-05-29 20:25:16,105 [INFO] ApiDb:226 - Save user favorites file C:\Users\hassa/.stm32cubeide/favorites.mcus.txt: 0 item(s)
2023-05-29 20:25:16,106 [INFO] ApiDb:230 - User favorites MCUs=[]
2023-05-29 21:07:37,776 [INFO] Activator:178 - 


2023-05-29 21:07:37,778 [INFO] Activator:179 - !SESSION log4j initialized
2023-05-30 11:01:31,175 [INFO] Activator:178 - 


2023-05-30 11:01:31,200 [INFO] Activator:179 - !SESSION log4j initialized
2023-05-30 11:07:56,690 [INFO] Activator:178 - 


2023-05-30 11:07:56,693 [INFO] Activator:179 - !SESSION log4j initialized
2023-05-30 11:08:43,085 [INFO] RetryExec:97 - I/O exception (org.apache.http.NoHttpResponseException) caught when processing request to {s}->https://download.eclipse.org:443: The target server failed to respond
2023-05-30 11:08:43,089 [INFO] RetryExec:113 - Retrying request to {s}->https://download.eclipse.org:443
